<?xml version="1.0" encoding="UTF-8"?>
<!-- Generated by org.testng.reporters.JUnitXMLReporter -->
<testsuite ignored="0" hostname="LAPTOP-873KCNFI" failures="0" tests="18" name="Default test" time="191.591" errors="0" timestamp="2026-05-14T16:01:40 IST">
  <testcase classname="tests.LoginTest" name="loginWithEmptyFields" time="3.056"/>
  <testcase classname="tests.LoginTest" name="loginWithInvalidPassword" time="1.561"/>
  <testcase classname="tests.LoginTest" name="loginWithValidCredentials" time="1.581"/>
  <testcase classname="tests.SessionNavigation" name="verifyCannotGoBackToContactListAfterLogout" time="20.777"/>
  <testcase classname="tests.SessionNavigation" name="verifyLoginRequiredForContactList" time="3.18"/>
  <testcase classname="tests.SessionNavigation" name="verifyLoginStateOnRefresh" time="16.277"/>
  <testcase classname="tests.UIResponsivenessTest" name="verifyFieldAlignmentOnContactForm" time="0.923"/>
  <testcase classname="tests.UIResponsivenessTest" name="verifyUnicodeSupportInAddressField" time="1.299"/>
  <testcase classname="tests.Edit" name="loginTest" time="2.753"/>
  <testcase classname="tests.Edit" name="editAddressTest" time="4.999"/>
  <testcase classname="tests.AddItemsCart" name="addItemWithoutLogin" time="1.873"/>
  <testcase classname="tests.AddItemsCart" name="addMultipleItemsToCart" time="4.115"/>
  <testcase classname="tests.AddItemsCart" name="addSingleItemToCart" time="3.297"/>
  <testcase classname="tests.SignUp" name="signUpInvalidEmail" time="1.525"/>
  <testcase classname="tests.SignUp" name="signUpPasswordMismatch" time="1.955"/>
  <testcase classname="tests.SignUp" name="signUpWithBlankFields" time="1.192"/>
  <testcase classname="tests.SignUp" name="signUpWithExistingEmail" time="3.58"/>
  <testcase classname="tests.SignUp" name="signUpWithValidInputs" time="2.469"/>
</testsuite> <!-- Default test -->
