<?xml version="1.0" encoding="UTF-8"?>
<testng-results ignored="0" total="18" passed="18" failed="0" skipped="0">
  <reporter-output>
  </reporter-output>
  <suite started-at="2026-05-14T15:58:28 IST" name="Default suite" finished-at="2026-05-14T16:01:40 IST" duration-ms="191591">
    <groups>
    </groups>
    <test started-at="2026-05-14T15:58:28 IST" name="Default test" finished-at="2026-05-14T16:01:40 IST" duration-ms="191591">
      <class name="tests.Edit">
        <test-method is-config="true" signature="setup()[pri:0, instance:tests.Edit@49e5f737]" started-at="2026-05-14T16:00:07 IST" name="setup" finished-at="2026-05-14T16:00:13 IST" duration-ms="5634" status="PASS">
          <reporter-output>
          </reporter-output>
        </test-method> <!-- setup -->
        <test-method signature="loginTest()[pri:1, instance:tests.Edit@49e5f737]" started-at="2026-05-14T16:00:13 IST" name="loginTest" finished-at="2026-05-14T16:00:16 IST" duration-ms="2753" status="PASS">
          <reporter-output>
          </reporter-output>
        </test-method> <!-- loginTest -->
        <test-method is-config="true" signature="tearDown()[pri:0, instance:tests.Edit@49e5f737]" started-at="2026-05-14T16:00:16 IST" name="tearDown" finished-at="2026-05-14T16:00:16 IST" duration-ms="0" status="PASS">
          <reporter-output>
          </reporter-output>
        </test-method> <!-- tearDown -->
        <test-method signature="editAddressTest()[pri:2, instance:tests.Edit@49e5f737]" started-at="2026-05-14T16:00:16 IST" name="editAddressTest" finished-at="2026-05-14T16:00:21 IST" duration-ms="4999" status="PASS">
          <reporter-output>
          </reporter-output>
        </test-method> <!-- editAddressTest -->
        <test-method is-config="true" signature="tearDown()[pri:0, instance:tests.Edit@49e5f737]" started-at="2026-05-14T16:00:21 IST" name="tearDown" finished-at="2026-05-14T16:00:21 IST" duration-ms="1" status="PASS">
          <reporter-output>
          </reporter-output>
        </test-method> <!-- tearDown -->
        <test-method is-config="true" signature="teardown()[pri:0, instance:tests.Edit@49e5f737]" started-at="2026-05-14T16:00:21 IST" name="teardown" finished-at="2026-05-14T16:00:21 IST" duration-ms="325" status="PASS">
          <reporter-output>
          </reporter-output>
        </test-method> <!-- teardown -->
      </class> <!-- tests.Edit -->
      <class name="tests.LoginTest">
        <test-method is-config="true" signature="setup()[pri:0, instance:tests.LoginTest@49438269]" started-at="2026-05-14T15:58:28 IST" name="setup" finished-at="2026-05-14T15:58:34 IST" duration-ms="5333" status="PASS">
          <reporter-output>
          </reporter-output>
        </test-method> <!-- setup -->
        <test-method signature="loginWithEmptyFields()[pri:0, instance:tests.LoginTest@49438269]" started-at="2026-05-14T15:58:34 IST" name="loginWithEmptyFields" finished-at="2026-05-14T15:58:37 IST" duration-ms="3056" status="PASS">
          <reporter-output>
          </reporter-output>
        </test-method> <!-- loginWithEmptyFields -->
        <test-method is-config="true" signature="tearDown()[pri:0, instance:tests.LoginTest@49438269]" started-at="2026-05-14T15:58:37 IST" name="tearDown" finished-at="2026-05-14T15:58:37 IST" duration-ms="381" status="PASS">
          <reporter-output>
          </reporter-output>
        </test-method> <!-- tearDown -->
        <test-method is-config="true" signature="setup()[pri:0, instance:tests.LoginTest@49438269]" started-at="2026-05-14T15:58:37 IST" name="setup" finished-at="2026-05-14T15:58:43 IST" duration-ms="6043" status="PASS">
          <reporter-output>
          </reporter-output>
        </test-method> <!-- setup -->
        <test-method signature="loginWithInvalidPassword()[pri:0, instance:tests.LoginTest@49438269]" started-at="2026-05-14T15:58:43 IST" name="loginWithInvalidPassword" finished-at="2026-05-14T15:58:45 IST" duration-ms="1561" status="PASS">
          <reporter-output>
          </reporter-output>
        </test-method> <!-- loginWithInvalidPassword -->
        <test-method is-config="true" signature="tearDown()[pri:0, instance:tests.LoginTest@49438269]" started-at="2026-05-14T15:58:45 IST" name="tearDown" finished-at="2026-05-14T15:58:45 IST" duration-ms="204" status="PASS">
          <reporter-output>
          </reporter-output>
        </test-method> <!-- tearDown -->
        <test-method is-config="true" signature="setup()[pri:0, instance:tests.LoginTest@49438269]" started-at="2026-05-14T15:58:45 IST" name="setup" finished-at="2026-05-14T15:58:49 IST" duration-ms="4476" status="PASS">
          <reporter-output>
          </reporter-output>
        </test-method> <!-- setup -->
        <test-method signature="loginWithValidCredentials()[pri:0, instance:tests.LoginTest@49438269]" started-at="2026-05-14T15:58:49 IST" name="loginWithValidCredentials" finished-at="2026-05-14T15:58:51 IST" duration-ms="1581" status="PASS">
          <reporter-output>
          </reporter-output>
        </test-method> <!-- loginWithValidCredentials -->
        <test-method is-config="true" signature="tearDown()[pri:0, instance:tests.LoginTest@49438269]" started-at="2026-05-14T15:58:51 IST" name="tearDown" finished-at="2026-05-14T15:58:51 IST" duration-ms="227" status="PASS">
          <reporter-output>
          </reporter-output>
        </test-method> <!-- tearDown -->
      </class> <!-- tests.LoginTest -->
      <class name="tests.SessionNavigation">
        <test-method is-config="true" signature="setup()[pri:0, instance:tests.SessionNavigation@3c3d9b6b]" started-at="2026-05-14T15:58:51 IST" name="setup" finished-at="2026-05-14T15:58:56 IST" duration-ms="4748" status="PASS">
          <reporter-output>
          </reporter-output>
        </test-method> <!-- setup -->
        <test-method is-config="true" signature="setUp()[pri:0, instance:tests.SessionNavigation@3c3d9b6b]" started-at="2026-05-14T15:58:56 IST" name="setUp" finished-at="2026-05-14T15:58:57 IST" duration-ms="1056" status="PASS">
          <reporter-output>
          </reporter-output>
        </test-method> <!-- setUp -->
        <test-method signature="verifyCannotGoBackToContactListAfterLogout()[pri:0, instance:tests.SessionNavigation@3c3d9b6b]" started-at="2026-05-14T15:58:57 IST" name="verifyCannotGoBackToContactListAfterLogout" finished-at="2026-05-14T15:59:18 IST" duration-ms="20777" status="PASS">
          <reporter-output>
          </reporter-output>
        </test-method> <!-- verifyCannotGoBackToContactListAfterLogout -->
        <test-method is-config="true" signature="tearDown()[pri:0, instance:tests.SessionNavigation@3c3d9b6b]" started-at="2026-05-14T15:59:18 IST" name="tearDown" finished-at="2026-05-14T15:59:18 IST" duration-ms="361" status="PASS">
          <reporter-output>
          </reporter-output>
        </test-method> <!-- tearDown -->
        <test-method is-config="true" signature="setup()[pri:0, instance:tests.SessionNavigation@3c3d9b6b]" started-at="2026-05-14T15:59:18 IST" name="setup" finished-at="2026-05-14T15:59:24 IST" duration-ms="5251" status="PASS">
          <reporter-output>
          </reporter-output>
        </test-method> <!-- setup -->
        <test-method is-config="true" signature="setUp()[pri:0, instance:tests.SessionNavigation@3c3d9b6b]" started-at="2026-05-14T15:59:24 IST" name="setUp" finished-at="2026-05-14T15:59:25 IST" duration-ms="1201" status="PASS">
          <reporter-output>
          </reporter-output>
        </test-method> <!-- setUp -->
        <test-method signature="verifyLoginRequiredForContactList()[pri:0, instance:tests.SessionNavigation@3c3d9b6b]" started-at="2026-05-14T15:59:25 IST" name="verifyLoginRequiredForContactList" finished-at="2026-05-14T15:59:28 IST" duration-ms="3180" status="PASS">
          <reporter-output>
          </reporter-output>
        </test-method> <!-- verifyLoginRequiredForContactList -->
        <test-method is-config="true" signature="tearDown()[pri:0, instance:tests.SessionNavigation@3c3d9b6b]" started-at="2026-05-14T15:59:28 IST" name="tearDown" finished-at="2026-05-14T15:59:28 IST" duration-ms="378" status="PASS">
          <reporter-output>
          </reporter-output>
        </test-method> <!-- tearDown -->
        <test-method is-config="true" signature="setup()[pri:0, instance:tests.SessionNavigation@3c3d9b6b]" started-at="2026-05-14T15:59:28 IST" name="setup" finished-at="2026-05-14T15:59:34 IST" duration-ms="5369" status="PASS">
          <reporter-output>
          </reporter-output>
        </test-method> <!-- setup -->
        <test-method is-config="true" signature="setUp()[pri:0, instance:tests.SessionNavigation@3c3d9b6b]" started-at="2026-05-14T15:59:34 IST" name="setUp" finished-at="2026-05-14T15:59:35 IST" duration-ms="1534" status="PASS">
          <reporter-output>
          </reporter-output>
        </test-method> <!-- setUp -->
        <test-method signature="verifyLoginStateOnRefresh()[pri:0, instance:tests.SessionNavigation@3c3d9b6b]" started-at="2026-05-14T15:59:35 IST" name="verifyLoginStateOnRefresh" finished-at="2026-05-14T15:59:51 IST" duration-ms="16277" status="PASS">
          <reporter-output>
          </reporter-output>
        </test-method> <!-- verifyLoginStateOnRefresh -->
        <test-method is-config="true" signature="tearDown()[pri:0, instance:tests.SessionNavigation@3c3d9b6b]" started-at="2026-05-14T15:59:51 IST" name="tearDown" finished-at="2026-05-14T15:59:52 IST" duration-ms="816" status="PASS">
          <reporter-output>
          </reporter-output>
        </test-method> <!-- tearDown -->
      </class> <!-- tests.SessionNavigation -->
      <class name="tests.AddItemsCart">
        <test-method is-config="true" signature="setup()[pri:0, instance:tests.AddItemsCart@757277dc]" started-at="2026-05-14T16:00:21 IST" name="setup" finished-at="2026-05-14T16:00:27 IST" duration-ms="5617" status="PASS">
          <reporter-output>
          </reporter-output>
        </test-method> <!-- setup -->
        <test-method signature="addItemWithoutLogin()[pri:0, instance:tests.AddItemsCart@757277dc]" started-at="2026-05-14T16:00:27 IST" name="addItemWithoutLogin" finished-at="2026-05-14T16:00:28 IST" duration-ms="1873" status="PASS">
          <reporter-output>
          </reporter-output>
        </test-method> <!-- addItemWithoutLogin -->
        <test-method is-config="true" signature="tearDown()[pri:0, instance:tests.AddItemsCart@757277dc]" started-at="2026-05-14T16:00:28 IST" name="tearDown" finished-at="2026-05-14T16:00:29 IST" duration-ms="354" status="PASS">
          <reporter-output>
          </reporter-output>
        </test-method> <!-- tearDown -->
        <test-method is-config="true" signature="setup()[pri:0, instance:tests.AddItemsCart@757277dc]" started-at="2026-05-14T16:00:29 IST" name="setup" finished-at="2026-05-14T16:00:33 IST" duration-ms="4549" status="PASS">
          <reporter-output>
          </reporter-output>
        </test-method> <!-- setup -->
        <test-method signature="addMultipleItemsToCart()[pri:0, instance:tests.AddItemsCart@757277dc]" started-at="2026-05-14T16:00:33 IST" name="addMultipleItemsToCart" finished-at="2026-05-14T16:00:37 IST" duration-ms="4115" status="PASS">
          <reporter-output>
          </reporter-output>
        </test-method> <!-- addMultipleItemsToCart -->
        <test-method is-config="true" signature="tearDown()[pri:0, instance:tests.AddItemsCart@757277dc]" started-at="2026-05-14T16:00:37 IST" name="tearDown" finished-at="2026-05-14T16:00:39 IST" duration-ms="2021" status="PASS">
          <reporter-output>
          </reporter-output>
        </test-method> <!-- tearDown -->
        <test-method is-config="true" signature="setup()[pri:0, instance:tests.AddItemsCart@757277dc]" started-at="2026-05-14T16:00:39 IST" name="setup" finished-at="2026-05-14T16:00:44 IST" duration-ms="4155" status="PASS">
          <reporter-output>
          </reporter-output>
        </test-method> <!-- setup -->
        <test-method signature="addSingleItemToCart()[pri:0, instance:tests.AddItemsCart@757277dc]" started-at="2026-05-14T16:00:44 IST" name="addSingleItemToCart" finished-at="2026-05-14T16:00:47 IST" duration-ms="3297" status="PASS">
          <reporter-output>
          </reporter-output>
        </test-method> <!-- addSingleItemToCart -->
        <test-method is-config="true" signature="tearDown()[pri:0, instance:tests.AddItemsCart@757277dc]" started-at="2026-05-14T16:00:47 IST" name="tearDown" finished-at="2026-05-14T16:00:47 IST" duration-ms="335" status="PASS">
          <reporter-output>
          </reporter-output>
        </test-method> <!-- tearDown -->
      </class> <!-- tests.AddItemsCart -->
      <class name="tests.UIResponsivenessTest">
        <test-method is-config="true" signature="setup()[pri:0, instance:tests.UIResponsivenessTest@445b295b]" started-at="2026-05-14T15:59:52 IST" name="setup" finished-at="2026-05-14T15:59:58 IST" duration-ms="6143" status="PASS">
          <reporter-output>
          </reporter-output>
        </test-method> <!-- setup -->
        <test-method signature="verifyFieldAlignmentOnContactForm()[pri:1, instance:tests.UIResponsivenessTest@445b295b]" started-at="2026-05-14T15:59:58 IST" name="verifyFieldAlignmentOnContactForm" finished-at="2026-05-14T15:59:59 IST" duration-ms="923" status="PASS">
          <reporter-output>
          </reporter-output>
        </test-method> <!-- verifyFieldAlignmentOnContactForm -->
        <test-method is-config="true" signature="tearDown()[pri:0, instance:tests.UIResponsivenessTest@445b295b]" started-at="2026-05-14T15:59:59 IST" name="tearDown" finished-at="2026-05-14T16:00:00 IST" duration-ms="428" status="PASS">
          <reporter-output>
          </reporter-output>
        </test-method> <!-- tearDown -->
        <test-method is-config="true" signature="setup()[pri:0, instance:tests.UIResponsivenessTest@445b295b]" started-at="2026-05-14T16:00:00 IST" name="setup" finished-at="2026-05-14T16:00:05 IST" duration-ms="5567" status="PASS">
          <reporter-output>
          </reporter-output>
        </test-method> <!-- setup -->
        <test-method signature="verifyUnicodeSupportInAddressField()[pri:2, instance:tests.UIResponsivenessTest@445b295b]" started-at="2026-05-14T16:00:05 IST" name="verifyUnicodeSupportInAddressField" finished-at="2026-05-14T16:00:07 IST" duration-ms="1299" status="PASS">
          <reporter-output>
          </reporter-output>
        </test-method> <!-- verifyUnicodeSupportInAddressField -->
        <test-method is-config="true" signature="tearDown()[pri:0, instance:tests.UIResponsivenessTest@445b295b]" started-at="2026-05-14T16:00:07 IST" name="tearDown" finished-at="2026-05-14T16:00:07 IST" duration-ms="527" status="PASS">
          <reporter-output>
          </reporter-output>
        </test-method> <!-- tearDown -->
      </class> <!-- tests.UIResponsivenessTest -->
      <class name="tests.SignUp">
        <test-method is-config="true" signature="setup()[pri:0, instance:tests.SignUp@687e99d8]" started-at="2026-05-14T16:00:47 IST" name="setup" finished-at="2026-05-14T16:00:52 IST" duration-ms="4717" status="PASS">
          <reporter-output>
          </reporter-output>
        </test-method> <!-- setup -->
        <test-method signature="signUpInvalidEmail()[pri:0, instance:tests.SignUp@687e99d8]" started-at="2026-05-14T16:00:52 IST" name="signUpInvalidEmail" finished-at="2026-05-14T16:00:53 IST" duration-ms="1525" status="PASS">
          <reporter-output>
          </reporter-output>
        </test-method> <!-- signUpInvalidEmail -->
        <test-method is-config="true" signature="tearDown()[pri:0, instance:tests.SignUp@687e99d8]" started-at="2026-05-14T16:00:53 IST" name="tearDown" finished-at="2026-05-14T16:00:54 IST" duration-ms="364" status="PASS">
          <reporter-output>
          </reporter-output>
        </test-method> <!-- tearDown -->
        <test-method is-config="true" signature="setup()[pri:0, instance:tests.SignUp@687e99d8]" started-at="2026-05-14T16:00:54 IST" name="setup" finished-at="2026-05-14T16:01:00 IST" duration-ms="5800" status="PASS">
          <reporter-output>
          </reporter-output>
        </test-method> <!-- setup -->
        <test-method signature="signUpPasswordMismatch()[pri:0, instance:tests.SignUp@687e99d8]" started-at="2026-05-14T16:01:00 IST" name="signUpPasswordMismatch" finished-at="2026-05-14T16:01:02 IST" duration-ms="1955" status="PASS">
          <reporter-output>
          </reporter-output>
        </test-method> <!-- signUpPasswordMismatch -->
        <test-method is-config="true" signature="tearDown()[pri:0, instance:tests.SignUp@687e99d8]" started-at="2026-05-14T16:01:02 IST" name="tearDown" finished-at="2026-05-14T16:01:02 IST" duration-ms="317" status="PASS">
          <reporter-output>
          </reporter-output>
        </test-method> <!-- tearDown -->
        <test-method is-config="true" signature="setup()[pri:0, instance:tests.SignUp@687e99d8]" started-at="2026-05-14T16:01:02 IST" name="setup" finished-at="2026-05-14T16:01:07 IST" duration-ms="4661" status="PASS">
          <reporter-output>
          </reporter-output>
        </test-method> <!-- setup -->
        <test-method signature="signUpWithBlankFields()[pri:0, instance:tests.SignUp@687e99d8]" started-at="2026-05-14T16:01:07 IST" name="signUpWithBlankFields" finished-at="2026-05-14T16:01:08 IST" duration-ms="1192" status="PASS">
          <reporter-output>
          </reporter-output>
        </test-method> <!-- signUpWithBlankFields -->
        <test-method is-config="true" signature="tearDown()[pri:0, instance:tests.SignUp@687e99d8]" started-at="2026-05-14T16:01:08 IST" name="tearDown" finished-at="2026-05-14T16:01:08 IST" duration-ms="376" status="PASS">
          <reporter-output>
          </reporter-output>
        </test-method> <!-- tearDown -->
        <test-method is-config="true" signature="setup()[pri:0, instance:tests.SignUp@687e99d8]" started-at="2026-05-14T16:01:08 IST" name="setup" finished-at="2026-05-14T16:01:18 IST" duration-ms="10350" status="PASS">
          <reporter-output>
          </reporter-output>
        </test-method> <!-- setup -->
        <test-method signature="signUpWithExistingEmail()[pri:0, instance:tests.SignUp@687e99d8]" started-at="2026-05-14T16:01:18 IST" name="signUpWithExistingEmail" finished-at="2026-05-14T16:01:22 IST" duration-ms="3580" status="PASS">
          <reporter-output>
          </reporter-output>
        </test-method> <!-- signUpWithExistingEmail -->
        <test-method is-config="true" signature="tearDown()[pri:0, instance:tests.SignUp@687e99d8]" started-at="2026-05-14T16:01:22 IST" name="tearDown" finished-at="2026-05-14T16:01:22 IST" duration-ms="397" status="PASS">
          <reporter-output>
          </reporter-output>
        </test-method> <!-- tearDown -->
        <test-method is-config="true" signature="setup()[pri:0, instance:tests.SignUp@687e99d8]" started-at="2026-05-14T16:01:22 IST" name="setup" finished-at="2026-05-14T16:01:37 IST" duration-ms="14657" status="PASS">
          <reporter-output>
          </reporter-output>
        </test-method> <!-- setup -->
        <test-method signature="signUpWithValidInputs()[pri:0, instance:tests.SignUp@687e99d8]" started-at="2026-05-14T16:01:37 IST" name="signUpWithValidInputs" finished-at="2026-05-14T16:01:40 IST" duration-ms="2469" status="PASS">
          <reporter-output>
          </reporter-output>
        </test-method> <!-- signUpWithValidInputs -->
        <test-method is-config="true" signature="tearDown()[pri:0, instance:tests.SignUp@687e99d8]" started-at="2026-05-14T16:01:40 IST" name="tearDown" finished-at="2026-05-14T16:01:40 IST" duration-ms="354" status="PASS">
          <reporter-output>
          </reporter-output>
        </test-method> <!-- tearDown -->
      </class> <!-- tests.SignUp -->
    </test> <!-- Default test -->
  </suite> <!-- Default suite -->
</testng-results>
