<?xml version="1.0" encoding="UTF-8"?>
<!-- Generated by org.testng.reporters.JUnitReportReporter -->
<testsuite hostname="LAPTOP-873KCNFI" failures="0" tests="5" name="tests.SignUp" time="52.714" errors="0" timestamp="2026-05-14T16:01:40 IST" skipped="0">
  <testcase classname="tests.SignUp" name="signUpWithBlankFields" time="7.346"/>
  <testcase classname="tests.SignUp" name="signUpPasswordMismatch" time="6.989"/>
  <testcase classname="tests.SignUp" name="signUpInvalidEmail" time="16.546"/>
  <testcase classname="tests.SignUp" name="signUpWithExistingEmail" time="8.617"/>
  <testcase classname="tests.SignUp" name="signUpWithValidInputs" time="13.216"/>
</testsuite> <!-- tests.SignUp -->
