<?xml version="1.0" encoding="UTF-8"?>
<!-- Generated by org.testng.reporters.JUnitReportReporter -->
<testsuite hostname="LAPTOP-873KCNFI" failures="0" tests="2" name="tests.UIResponsivenessTest" time="14.887" errors="0" timestamp="2026-05-14T16:01:40 IST" skipped="0">
  <testcase classname="tests.UIResponsivenessTest" name="verifyFieldAlignmentOnContactForm" time="6.918"/>
  <testcase classname="tests.UIResponsivenessTest" name="verifyUnicodeSupportInAddressField" time="7.969"/>
</testsuite> <!-- tests.UIResponsivenessTest -->
