<?xml version="1.0" encoding="UTF-8"?>
<!-- Generated by org.testng.reporters.JUnitReportReporter -->
<testsuite hostname="LAPTOP-873KCNFI" failures="0" tests="3" name="tests.SessionNavigation" time="60.948" errors="0" timestamp="2026-05-14T16:01:40 IST" skipped="0">
  <testcase classname="tests.SessionNavigation" name="verifyLoginRequiredForContactList" time="10.781"/>
  <testcase classname="tests.SessionNavigation" name="verifyLoginStateOnRefresh" time="23.063"/>
  <testcase classname="tests.SessionNavigation" name="verifyCannotGoBackToContactListAfterLogout" time="27.104"/>
</testsuite> <!-- tests.SessionNavigation -->
