<?xml version="1.0" encoding="UTF-8"?>
<!-- Generated by org.testng.reporters.JUnitReportReporter -->
<testsuite hostname="LAPTOP-873KCNFI" failures="0" tests="3" name="tests.AddItemsCart" time="26.316" errors="0" timestamp="2026-05-14T16:01:40 IST" skipped="0">
  <testcase classname="tests.AddItemsCart" name="addSingleItemToCart" time="8.181"/>
  <testcase classname="tests.AddItemsCart" name="addItemWithoutLogin" time="7.844"/>
  <testcase classname="tests.AddItemsCart" name="addMultipleItemsToCart" time="10.291"/>
</testsuite> <!-- tests.AddItemsCart -->
