<?xml version="1.0" encoding="UTF-8"?>
<!-- Generated by org.testng.reporters.JUnitReportReporter -->
<testsuite hostname="LAPTOP-873KCNFI" failures="0" tests="3" name="tests.LoginTest" time="22.862" errors="0" timestamp="2026-05-14T16:01:40 IST" skipped="0">
  <testcase classname="tests.LoginTest" name="loginWithValidCredentials" time="6.284"/>
  <testcase classname="tests.LoginTest" name="loginWithEmptyFields" time="8.770"/>
  <testcase classname="tests.LoginTest" name="loginWithInvalidPassword" time="7.808"/>
</testsuite> <!-- tests.LoginTest -->
